{
  "stats": {
    "suites": 1,
    "tests": 4,
    "passes": 2,
    "pending": 0,
    "failures": 2,
    "start": "2022-02-03T05:54:09.026Z",
    "end": "2022-02-03T05:54:09.052Z",
    "duration": 26,
    "testsRegistered": 4,
    "passPercent": 50,
    "pendingPercent": 0,
    "other": 0,
    "hasOther": false,
    "skipped": 0,
    "hasSkipped": false
  },
  "results": [
    {
      "uuid": "d812d384-0b4b-4b10-b95e-0e474d616b22",
      "title": "",
      "fullFile": "",
      "file": "",
      "beforeHooks": [],
      "afterHooks": [],
      "tests": [],
      "suites": [
        {
          "uuid": "c774e209-37ab-4e6c-84eb-f75ac5b456bf",
          "title": "chef test",
          "fullFile": "C:\\Users\\Hemant Pandey\\Desktop\\Web Development\\testsetup2\\test\\appTest.js",
          "file": "\\test\\appTest.js",
          "beforeHooks": [],
          "afterHooks": [],
          "tests": [
            {
              "title": "to check if the dish have the valid name",
              "fullTitle": "chef test to check if the dish have the valid name",
              "timedOut": false,
              "duration": 2,
              "state": "passed",
              "speed": "fast",
              "pass": true,
              "fail": false,
              "pending": false,
              "context": null,
              "code": "let dish = chef.checkMenu()\nassert.isString(dish,\"string\")",
              "err": {},
              "uuid": "ee399d0f-6c83-4244-81ca-26986c7d71ad",
              "parentUUID": "c774e209-37ab-4e6c-84eb-f75ac5b456bf",
              "isHook": false,
              "skipped": false
            },
            {
              "title": "to check if the dish is pasta",
              "fullTitle": "chef test to check if the dish is pasta",
              "timedOut": false,
              "duration": 2,
              "state": "failed",
              "speed": null,
              "pass": false,
              "fail": true,
              "pending": false,
              "context": null,
              "code": "let dish = chef.checkMenu()\nassert.equal(\"pasta\",dish)",
              "err": {
                "message": "AssertionError: expected 'pasta' to equal 'Biryani'",
                "estack": "AssertionError: expected 'pasta' to equal 'Biryani'\n    at Context.<anonymous> (file:///C:/Users/Hemant%20Pandey/Desktop/Web%20Development/testsetup2/test/appTest.js:21:16)\n    at processImmediate (node:internal/timers:464:21)",
                "diff": "- pasta\n+ Biryani\n"
              },
              "uuid": "2c9fa771-0d29-46a4-9ef9-d67d4b752792",
              "parentUUID": "c774e209-37ab-4e6c-84eb-f75ac5b456bf",
              "isHook": false,
              "skipped": false
            },
            {
              "title": "to check if the dish is pasta",
              "fullTitle": "chef test to check if the dish is pasta",
              "timedOut": false,
              "duration": 1,
              "state": "failed",
              "speed": null,
              "pass": false,
              "fail": true,
              "pending": false,
              "context": null,
              "code": "let dish = chef.checkMenu()\nassert.fail(\"failing a test case purposely\")",
              "err": {
                "message": "AssertionError: failing a test case purposely",
                "estack": "AssertionError: failing a test case purposely\n    at Context.<anonymous> (file:///C:/Users/Hemant%20Pandey/Desktop/Web%20Development/testsetup2/test/appTest.js:26:16)\n    at processImmediate (node:internal/timers:464:21)",
                "diff": null
              },
              "uuid": "16bc2b0f-fa00-470d-9871-32405fefefc6",
              "parentUUID": "c774e209-37ab-4e6c-84eb-f75ac5b456bf",
              "isHook": false,
              "skipped": false
            },
            {
              "title": "to check if the dish is part of the menu",
              "fullTitle": "chef test to check if the dish is part of the menu",
              "timedOut": false,
              "duration": 1,
              "state": "passed",
              "speed": "fast",
              "pass": true,
              "fail": false,
              "pending": false,
              "context": null,
              "code": "let dish = chef.checkMenu()\nassert.oneOf(dish,chef.dishes)",
              "err": {},
              "uuid": "155baca9-2517-46a9-b16f-910637f60c64",
              "parentUUID": "c774e209-37ab-4e6c-84eb-f75ac5b456bf",
              "isHook": false,
              "skipped": false
            }
          ],
          "suites": [],
          "passes": [
            "ee399d0f-6c83-4244-81ca-26986c7d71ad",
            "155baca9-2517-46a9-b16f-910637f60c64"
          ],
          "failures": [
            "2c9fa771-0d29-46a4-9ef9-d67d4b752792",
            "16bc2b0f-fa00-470d-9871-32405fefefc6"
          ],
          "pending": [],
          "skipped": [],
          "duration": 6,
          "root": false,
          "rootEmpty": false,
          "_timeout": 2000
        }
      ],
      "passes": [],
      "failures": [],
      "pending": [],
      "skipped": [],
      "duration": 0,
      "root": true,
      "rootEmpty": true,
      "_timeout": 2000
    }
  ],
  "meta": {
    "mocha": {
      "version": "9.2.0"
    },
    "mochawesome": {
      "options": {
        "quiet": false,
        "reportFilename": "mochawesome",
        "saveHtml": true,
        "saveJson": true,
        "consoleReporter": "spec",
        "useInlineDiffs": false,
        "code": true
      },
      "version": "7.0.1"
    },
    "marge": {
      "options": null,
      "version": "6.0.1"
    }
  }
}